# JRE version: Java(TM) SE Runtime Environment (8.0_191-b12) (build 1.8.0_191-b12)
# Java VM: Java HotSpot(TM) 64-Bit Server VM (25.191-b12 mixed mode windows-amd64 compressed oops)
Heap:
 PSYoungGen      total 419840K, used 44918K [0x000000076b200000, 0x0000000791400000, 0x00000007c0000000)
  eden space 408576K, 10% used [0x000000076b200000,0x000000076dddd9e8,0x0000000784100000)
  from space 11264K, 0% used [0x0000000784100000,0x0000000784100000,0x0000000784c00000)
  to   space 18944K, 0% used [0x0000000790180000,0x0000000790180000,0x0000000791400000)
 ParOldGen       total 164352K, used 36134K [0x00000006c1600000, 0x00000006cb680000, 0x000000076b200000)
  object space 164352K, 21% used [0x00000006c1600000,0x00000006c3949ac0,0x00000006cb680000)
 Metaspace       used 57595K, capacity 60564K, committed 60632K, reserved 1101824K
  class space    used 7798K, capacity 8341K, committed 8408K, reserved 1048576K
GC Heap History (10 events):
Event: 8.235 GC heap before
{Heap before GC invocations=8 (full 1):
 PSYoungGen      total 240640K, used 240625K [0x000000076b200000, 0x000000077c100000, 0x00000007c0000000)
  eden space 234496K, 100% used [0x000000076b200000,0x0000000779700000,0x0000000779700000)
  from space 6144K, 99% used [0x000000077bb00000,0x000000077c0fc438,0x000000077c100000)
  to   space 8704K, 0% used [0x000000077b000000,0x000000077b000000,0x000000077b880000)
 ParOldGen       total 82432K, used 5091K [0x00000006c1600000, 0x00000006c6680000, 0x000000076b200000)
  object space 82432K, 6% used [0x00000006c1600000,0x00000006c1af8df8,0x00000006c6680000)
 Metaspace       used 32301K, capacity 34032K, committed 34176K, reserved 1079296K
  class space    used 4170K, capacity 4479K, committed 4480K, reserved 1048576K
Event: 8.251 GC heap after
Heap after GC invocations=8 (full 1):
 PSYoungGen      total 268800K, used 8700K [0x000000076b200000, 0x0000000785780000, 0x00000007c0000000)
  eden space 260096K, 0% used [0x000000076b200000,0x000000076b200000,0x000000077b000000)
  from space 8704K, 99% used [0x000000077b000000,0x000000077b87f138,0x000000077b880000)
  to   space 11776K, 0% used [0x0000000784c00000,0x0000000784c00000,0x0000000785780000)
 ParOldGen       total 82432K, used 9127K [0x00000006c1600000, 0x00000006c6680000, 0x000000076b200000)
  object space 82432K, 11% used [0x00000006c1600000,0x00000006c1ee9ca0,0x00000006c6680000)
 Metaspace       used 32301K, capacity 34032K, committed 34176K, reserved 1079296K
  class space    used 4170K, capacity 4479K, committed 4480K, reserved 1048576K
}
Event: 8.507 GC heap before
{Heap before GC invocations=9 (full 1):
 PSYoungGen      total 268800K, used 29993K [0x000000076b200000, 0x0000000785780000, 0x00000007c0000000)
  eden space 260096K, 8% used [0x000000076b200000,0x000000076c6cb360,0x000000077b000000)
  from space 8704K, 99% used [0x000000077b000000,0x000000077b87f138,0x000000077b880000)
  to   space 11776K, 0% used [0x0000000784c00000,0x0000000784c00000,0x0000000785780000)
 ParOldGen       total 82432K, used 9127K [0x00000006c1600000, 0x00000006c6680000, 0x000000076b200000)
  object space 82432K, 11% used [0x00000006c1600000,0x00000006c1ee9ca0,0x00000006c6680000)
 Metaspace       used 33625K, capacity 35350K, committed 35416K, reserved 1079296K
  class space    used 4330K, capacity 4640K, committed 4696K, reserved 1048576K
Event: 8.516 GC heap after
Heap after GC invocations=9 (full 1):
 PSYoungGen      total 420352K, used 7588K [0x000000076b200000, 0x0000000788000000, 0x00000007c0000000)
  eden space 408576K, 0% used [0x000000076b200000,0x000000076b200000,0x0000000784100000)
  from space 11776K, 64% used [0x0000000784c00000,0x00000007853692e0,0x0000000785780000)
  to   space 11264K, 0% used [0x0000000784100000,0x0000000784100000,0x0000000784c00000)
 ParOldGen       total 82432K, used 9135K [0x00000006c1600000, 0x00000006c6680000, 0x000000076b200000)
  object space 82432K, 11% used [0x00000006c1600000,0x00000006c1eebca0,0x00000006c6680000)
 Metaspace       used 33625K, capacity 35350K, committed 35416K, reserved 1079296K
  class space    used 4330K, capacity 4640K, committed 4696K, reserved 1048576K
}
Event: 8.516 GC heap before
{Heap before GC invocations=10 (full 2):
 PSYoungGen      total 420352K, used 7588K [0x000000076b200000, 0x0000000788000000, 0x00000007c0000000)
  eden space 408576K, 0% used [0x000000076b200000,0x000000076b200000,0x0000000784100000)
  from space 11776K, 64% used [0x0000000784c00000,0x00000007853692e0,0x0000000785780000)
  to   space 11264K, 0% used [0x0000000784100000,0x0000000784100000,0x0000000784c00000)
 ParOldGen       total 82432K, used 9135K [0x00000006c1600000, 0x00000006c6680000, 0x000000076b200000)
  object space 82432K, 11% used [0x00000006c1600000,0x00000006c1eebca0,0x00000006c6680000)
 Metaspace       used 33625K, capacity 35350K, committed 35416K, reserved 1079296K
  class space    used 4330K, capacity 4640K, committed 4696K, reserved 1048576K
Event: 8.575 GC heap after
Heap after GC invocations=10 (full 2):
 PSYoungGen      total 420352K, used 0K [0x000000076b200000, 0x0000000788000000, 0x00000007c0000000)
  eden space 408576K, 0% used [0x000000076b200000,0x000000076b200000,0x0000000784100000)
  from space 11776K, 0% used [0x0000000784c00000,0x0000000784c00000,0x0000000785780000)
  to   space 11264K, 0% used [0x0000000784100000,0x0000000784100000,0x0000000784c00000)
 ParOldGen       total 109568K, used 12233K [0x00000006c1600000, 0x00000006c8100000, 0x000000076b200000)
  object space 109568K, 11% used [0x00000006c1600000,0x00000006c21f2728,0x00000006c8100000)
 Metaspace       used 33625K, capacity 35350K, committed 35416K, reserved 1079296K
  class space    used 4330K, capacity 4640K, committed 4696K, reserved 1048576K
}
Event: 16.346 GC heap before
{Heap before GC invocations=11 (full 2):
 PSYoungGen      total 420352K, used 376410K [0x000000076b200000, 0x0000000788000000, 0x00000007c0000000)
  eden space 408576K, 92% used [0x000000076b200000,0x0000000782196850,0x0000000784100000)
  from space 11776K, 0% used [0x0000000784c00000,0x0000000784c00000,0x0000000785780000)
  to   space 11264K, 0% used [0x0000000784100000,0x0000000784100000,0x0000000784c00000)
 ParOldGen       total 109568K, used 12233K [0x00000006c1600000, 0x00000006c8100000, 0x000000076b200000)
  object space 109568K, 11% used [0x00000006c1600000,0x00000006c21f2728,0x00000006c8100000)
 Metaspace       used 56280K, capacity 58952K, committed 59028K, reserved 1099776K
  class space    used 7585K, capacity 8077K, committed 8152K, reserved 1048576K
Event: 16.395 GC heap after
Heap after GC invocations=11 (full 2):
 PSYoungGen      total 419840K, used 11238K [0x000000076b200000, 0x0000000791400000, 0x00000007c0000000)
  eden space 408576K, 0% used [0x000000076b200000,0x000000076b200000,0x0000000784100000)
  from space 11264K, 99% used [0x0000000784100000,0x0000000784bf9ab0,0x0000000784c00000)
  to   space 18944K, 0% used [0x0000000790180000,0x0000000790180000,0x0000000791400000)
 ParOldGen       total 109568K, used 27520K [0x00000006c1600000, 0x00000006c8100000, 0x000000076b200000)
  object space 109568K, 25% used [0x00000006c1600000,0x00000006c30e01d0,0x00000006c8100000)
 Metaspace       used 56280K, capacity 58952K, committed 59028K, reserved 1099776K
  class space    used 7585K, capacity 8077K, committed 8152K, reserved 1048576K
}
Event: 16.396 GC heap before
{Heap before GC invocations=12 (full 3):
 PSYoungGen      total 419840K, used 11238K [0x000000076b200000, 0x0000000791400000, 0x00000007c0000000)
  eden space 408576K, 0% used [0x000000076b200000,0x000000076b200000,0x0000000784100000)
  from space 11264K, 99% used [0x0000000784100000,0x0000000784bf9ab0,0x0000000784c00000)
  to   space 18944K, 0% used [0x0000000790180000,0x0000000790180000,0x0000000791400000)
 ParOldGen       total 109568K, used 27520K [0x00000006c1600000, 0x00000006c8100000, 0x000000076b200000)
  object space 109568K, 25% used [0x00000006c1600000,0x00000006c30e01d0,0x00000006c8100000)
 Metaspace       used 56280K, capacity 58952K, committed 59028K, reserved 1099776K
  class space    used 7585K, capacity 8077K, committed 8152K, reserved 1048576K
Event: 16.757 GC heap after
Heap after GC invocations=12 (full 3):
 PSYoungGen      total 419840K, used 0K [0x000000076b200000, 0x0000000791400000, 0x00000007c0000000)
  eden space 408576K, 0% used [0x000000076b200000,0x000000076b200000,0x0000000784100000)
  from space 11264K, 0% used [0x0000000784100000,0x0000000784100000,0x0000000784c00000)
  to   space 18944K, 0% used [0x0000000790180000,0x0000000790180000,0x0000000791400000)
 ParOldGen       total 164352K, used 36134K [0x00000006c1600000, 0x00000006cb680000, 0x000000076b200000)
  object space 164352K, 21% used [0x00000006c1600000,0x00000006c3949ac0,0x00000006cb680000)
 Metaspace       used 56280K, capacity 58952K, committed 59028K, reserved 1099776K
  class space    used 7585K, capacity 8077K, committed 8152K, reserved 1048576K
}

