# JRE version: Java(TM) SE Runtime Environment (8.0_191-b12) (build 1.8.0_191-b12)
# Java VM: Java HotSpot(TM) 64-Bit Server VM (25.191-b12 mixed mode windows-amd64 compressed oops)
Heap:
 PSYoungGen      total 250368K, used 78152K [0x000000076b200000, 0x000000077c700000, 0x00000007c0000000)
  eden space 237568K, 27% used [0x000000076b200000,0x000000076f240120,0x0000000779a00000)
  from space 12800K, 96% used [0x000000077ba80000,0x000000077c692178,0x000000077c700000)
  to   space 18944K, 0% used [0x000000077a200000,0x000000077a200000,0x000000077b480000)
 ParOldGen       total 214528K, used 26841K [0x00000006c1600000, 0x00000006ce780000, 0x000000076b200000)
  object space 214528K, 12% used [0x00000006c1600000,0x00000006c3036520,0x00000006ce780000)
 Metaspace       used 65145K, capacity 68520K, committed 68760K, reserved 1107968K
  class space    used 8776K, capacity 9365K, committed 9384K, reserved 1048576K
GC Heap History (10 events):
Event: 6.033 GC heap before
{Heap before GC invocations=9 (full 2):
 PSYoungGen      total 145920K, used 7516K [0x000000076b200000, 0x0000000778b80000, 0x00000007c0000000)
  eden space 132608K, 0% used [0x000000076b200000,0x000000076b200000,0x0000000773380000)
  from space 13312K, 56% used [0x0000000773380000,0x0000000773ad7110,0x0000000774080000)
  to   space 12800K, 0% used [0x0000000777f00000,0x0000000777f00000,0x0000000778b80000)
 ParOldGen       total 108544K, used 9601K [0x00000006c1600000, 0x00000006c8000000, 0x000000076b200000)
  object space 108544K, 8% used [0x00000006c1600000,0x00000006c1f606e0,0x00000006c8000000)
 Metaspace       used 33693K, capacity 35450K, committed 35496K, reserved 1079296K
  class space    used 4421K, capacity 4770K, committed 4776K, reserved 1048576K
Event: 6.077 GC heap after
Heap after GC invocations=9 (full 2):
 PSYoungGen      total 145920K, used 0K [0x000000076b200000, 0x0000000778b80000, 0x00000007c0000000)
  eden space 132608K, 0% used [0x000000076b200000,0x000000076b200000,0x0000000773380000)
  from space 13312K, 0% used [0x0000000773380000,0x0000000773380000,0x0000000774080000)
  to   space 12800K, 0% used [0x0000000777f00000,0x0000000777f00000,0x0000000778b80000)
 ParOldGen       total 151552K, used 12336K [0x00000006c1600000, 0x00000006caa00000, 0x000000076b200000)
  object space 151552K, 8% used [0x00000006c1600000,0x00000006c220c188,0x00000006caa00000)
 Metaspace       used 33693K, capacity 35450K, committed 35496K, reserved 1079296K
  class space    used 4421K, capacity 4770K, committed 4776K, reserved 1048576K
}
Event: 9.838 GC heap before
{Heap before GC invocations=10 (full 2):
 PSYoungGen      total 145920K, used 132608K [0x000000076b200000, 0x0000000778b80000, 0x00000007c0000000)
  eden space 132608K, 100% used [0x000000076b200000,0x0000000773380000,0x0000000773380000)
  from space 13312K, 0% used [0x0000000773380000,0x0000000773380000,0x0000000774080000)
  to   space 12800K, 0% used [0x0000000777f00000,0x0000000777f00000,0x0000000778b80000)
 ParOldGen       total 151552K, used 12336K [0x00000006c1600000, 0x00000006caa00000, 0x000000076b200000)
  object space 151552K, 8% used [0x00000006c1600000,0x00000006c220c188,0x00000006caa00000)
 Metaspace       used 47894K, capacity 49958K, committed 50216K, reserved 1093632K
  class space    used 6417K, capacity 6830K, committed 6952K, reserved 1048576K
Event: 9.857 GC heap after
Heap after GC invocations=10 (full 2):
 PSYoungGen      total 206336K, used 12775K [0x000000076b200000, 0x0000000779980000, 0x00000007c0000000)
  eden space 193536K, 0% used [0x000000076b200000,0x000000076b200000,0x0000000776f00000)
  from space 12800K, 99% used [0x0000000777f00000,0x0000000778b79df0,0x0000000778b80000)
  to   space 16384K, 0% used [0x0000000776f00000,0x0000000776f00000,0x0000000777f00000)
 ParOldGen       total 151552K, used 17469K [0x00000006c1600000, 0x00000006caa00000, 0x000000076b200000)
  object space 151552K, 11% used [0x00000006c1600000,0x00000006c270f6c0,0x00000006caa00000)
 Metaspace       used 47894K, capacity 49958K, committed 50216K, reserved 1093632K
  class space    used 6417K, capacity 6830K, committed 6952K, reserved 1048576K
}
Event: 11.541 GC heap before
{Heap before GC invocations=11 (full 2):
 PSYoungGen      total 206336K, used 95616K [0x000000076b200000, 0x0000000779980000, 0x00000007c0000000)
  eden space 193536K, 42% used [0x000000076b200000,0x00000007702e65b8,0x0000000776f00000)
  from space 12800K, 99% used [0x0000000777f00000,0x0000000778b79df0,0x0000000778b80000)
  to   space 16384K, 0% used [0x0000000776f00000,0x0000000776f00000,0x0000000777f00000)
 ParOldGen       total 151552K, used 17469K [0x00000006c1600000, 0x00000006caa00000, 0x000000076b200000)
  object space 151552K, 11% used [0x00000006c1600000,0x00000006c270f6c0,0x00000006caa00000)
 Metaspace       used 56295K, capacity 59066K, committed 59160K, reserved 1099776K
  class space    used 7674K, capacity 8138K, committed 8232K, reserved 1048576K
Event: 11.563 GC heap after
Heap after GC invocations=11 (full 2):
 PSYoungGen      total 209920K, used 16378K [0x000000076b200000, 0x000000077cd00000, 0x00000007c0000000)
  eden space 193536K, 0% used [0x000000076b200000,0x000000076b200000,0x0000000776f00000)
  from space 16384K, 99% used [0x0000000776f00000,0x0000000777efe8a8,0x0000000777f00000)
  to   space 18944K, 0% used [0x000000077ba80000,0x000000077ba80000,0x000000077cd00000)
 ParOldGen       total 151552K, used 17667K [0x00000006c1600000, 0x00000006caa00000, 0x000000076b200000)
  object space 151552K, 11% used [0x00000006c1600000,0x00000006c2740ee8,0x00000006caa00000)
 Metaspace       used 56295K, capacity 59066K, committed 59160K, reserved 1099776K
  class space    used 7674K, capacity 8138K, committed 8232K, reserved 1048576K
}
Event: 11.563 GC heap before
{Heap before GC invocations=12 (full 3):
 PSYoungGen      total 209920K, used 16378K [0x000000076b200000, 0x000000077cd00000, 0x00000007c0000000)
  eden space 193536K, 0% used [0x000000076b200000,0x000000076b200000,0x0000000776f00000)
  from space 16384K, 99% used [0x0000000776f00000,0x0000000777efe8a8,0x0000000777f00000)
  to   space 18944K, 0% used [0x000000077ba80000,0x000000077ba80000,0x000000077cd00000)
 ParOldGen       total 151552K, used 17667K [0x00000006c1600000, 0x00000006caa00000, 0x000000076b200000)
  object space 151552K, 11% used [0x00000006c1600000,0x00000006c2740ee8,0x00000006caa00000)
 Metaspace       used 56295K, capacity 59066K, committed 59160K, reserved 1099776K
  class space    used 7674K, capacity 8138K, committed 8232K, reserved 1048576K
Event: 11.812 GC heap after
Heap after GC invocations=12 (full 3):
 PSYoungGen      total 209920K, used 0K [0x000000076b200000, 0x000000077cd00000, 0x00000007c0000000)
  eden space 193536K, 0% used [0x000000076b200000,0x000000076b200000,0x0000000776f00000)
  from space 16384K, 0% used [0x0000000776f00000,0x0000000776f00000,0x0000000777f00000)
  to   space 18944K, 0% used [0x000000077ba80000,0x000000077ba80000,0x000000077cd00000)
 ParOldGen       total 214528K, used 26833K [0x00000006c1600000, 0x00000006ce780000, 0x000000076b200000)
  object space 214528K, 12% used [0x00000006c1600000,0x00000006c3034520,0x00000006ce780000)
 Metaspace       used 56295K, capacity 59066K, committed 59160K, reserved 1099776K
  class space    used 7674K, capacity 8138K, committed 8232K, reserved 1048576K
}
Event: 36.840 GC heap before
{Heap before GC invocations=13 (full 3):
 PSYoungGen      total 209920K, used 193536K [0x000000076b200000, 0x000000077cd00000, 0x00000007c0000000)
  eden space 193536K, 100% used [0x000000076b200000,0x0000000776f00000,0x0000000776f00000)
  from space 16384K, 0% used [0x0000000776f00000,0x0000000776f00000,0x0000000777f00000)
  to   space 18944K, 0% used [0x000000077ba80000,0x000000077ba80000,0x000000077cd00000)
 ParOldGen       total 214528K, used 26833K [0x00000006c1600000, 0x00000006ce780000, 0x000000076b200000)
  object space 214528K, 12% used [0x00000006c1600000,0x00000006c3034520,0x00000006ce780000)
 Metaspace       used 65037K, capacity 68380K, committed 68504K, reserved 1107968K
  class space    used 8773K, capacity 9363K, committed 9384K, reserved 1048576K
Event: 36.849 GC heap after
Heap after GC invocations=13 (full 3):
 PSYoungGen      total 250368K, used 12360K [0x000000076b200000, 0x000000077c700000, 0x00000007c0000000)
  eden space 237568K, 0% used [0x000000076b200000,0x000000076b200000,0x0000000779a00000)
  from space 12800K, 96% used [0x000000077ba80000,0x000000077c692178,0x000000077c700000)
  to   space 18944K, 0% used [0x000000077a200000,0x000000077a200000,0x000000077b480000)
 ParOldGen       total 214528K, used 26841K [0x00000006c1600000, 0x00000006ce780000, 0x000000076b200000)
  object space 214528K, 12% used [0x00000006c1600000,0x00000006c3036520,0x00000006ce780000)
 Metaspace       used 65037K, capacity 68380K, committed 68504K, reserved 1107968K
  class space    used 8773K, capacity 9363K, committed 9384K, reserved 1048576K
}

